#
# A fatal error has been detected by the Java Runtime Environment:
#
#  EXCEPTION_ACCESS_VIOLATION (0xc0000005) at pc=0x0000000000000000, pid=20952, tid=31228
#
# JRE version: Java(TM) SE Runtime Environment (17.0.10+11) (build 17.0.10+11-LTS-240)
# Java VM: Java HotSpot(TM) 64-Bit Server VM (17.0.10+11-LTS-240, mixed mode, sharing, tiered, compressed oops, compressed class ptrs, g1 gc, windows-amd64)
# Problematic frame:
# C  [net.dll+0x6034]
#
# No core dump will be written. Minidumps are not enabled by default on client versions of Windows
#
# If you would like to submit a bug report, please visit:
#   https://bugreport.java.com/bugreport/crash.jsp
# The crash happened outside the Java Virtual Machine in native code.
# See problematic frame for where to report the bug.
#

---------------  S U M M A R Y ------------

Command Line: -Dfile.encoding=UTF-8 -Dstdout.encoding=UTF-8 -Dstderr.encoding=UTF-8 -XX:+ShowCodeDetailsInExceptionMessages nopCom.NopCom

Host: Intel(R) Core(TM) i3-7020U CPU @ 2.30GHz, 4 cores, 7G,  Windows 10 , 64 bit Build 19041 (10.0.19041.3636)
Time: Wed Jun 19 07:28:03 2024 India Standard Time elapsed time: 0.474943 seconds (0d 0h 0m 0s)

---------------  T H R E A D  ---------------

Current thread (0x000002c662530980):  JavaThread "main" [_thread_in_native, id=31228, stack(0x000000ebf3700000,0x000000ebf3800000)]

Stack: [0x000000ebf3700000,0x000000ebf3800000],  sp=0x000000ebf37ff000,  free space=1020k
Native frames: (J=compiled Java code, j=interpreted, Vv=VM code, C=native code)

Java frames: (J=compiled Java code, j=interpreted, Vv=VM code)
j  java.net.NetworkInterface.boundInetAddress0(Ljava/net/InetAddress;)Z+0 java.base@17.0.10
j  java.net.NetworkInterface.isBoundInetAddress(Ljava/net/InetAddress;)Z+1 java.base@17.0.10
j  java.net.Inet6AddressImpl.loopbackAddress()Ljava/net/InetAddress;+178 java.base@17.0.10
j  java.net.InetAddress.getAddressesFromNameService(Ljava/lang/String;Ljava/net/InetAddress;)[Ljava/net/InetAddress;+42 java.base@17.0.10
j  java.net.InetAddress$NameServiceAddresses.get()[Ljava/net/InetAddress;+40 java.base@17.0.10
j  java.net.InetAddress.getAllByName0(Ljava/lang/String;Ljava/net/InetAddress;ZZ)[Ljava/net/InetAddress;+207 java.base@17.0.10
j  java.net.InetAddress.getAllByName(Ljava/lang/String;Ljava/net/InetAddress;)[Ljava/net/InetAddress;+353 java.base@17.0.10
j  java.net.InetAddress.getAllByName(Ljava/lang/String;)[Ljava/net/InetAddress;+2 java.base@17.0.10
j  java.net.InetAddress.getByName(Ljava/lang/String;)Ljava/net/InetAddress;+1 java.base@17.0.10
j  java.net.InetSocketAddress.<init>(Ljava/lang/String;I)V+15 java.base@17.0.10
j  org.openqa.selenium.net.PortProber.isFree(Ljava/lang/String;I)Z+20
j  org.openqa.selenium.net.PortProber.checkPortIsFree(I)I+3
j  org.openqa.selenium.net.PortProber.findFreePort()I+12
j  org.openqa.selenium.remote.service.DriverService$Builder.build()Lorg/openqa/selenium/remote/service/DriverService;+8
j  org.openqa.selenium.chrome.ChromeDriverService.createDefaultService()Lorg/openqa/selenium/chrome/ChromeDriverService;+7
j  org.openqa.selenium.chrome.ChromeDriver.<init>()V+1
j  nopCom.NopCom.main([Ljava/lang/String;)V+4
v  ~StubRoutines::call_stub

siginfo: EXCEPTION_ACCESS_VIOLATION (0xc0000005), data execution prevention violation at address 0x0000000000000000


Registers:
RAX=0x0000000000000000, RBX=0x000002c6451db180, RCX=0x000002c6451db180, RDX=0x000000ebf37ff040
RSP=0x000000ebf37feff8, RBP=0x000000007f000001, RSI=0x000000ebf37ff060, RDI=0x000002c662530c30
R8 =0x0000000000000000, R9 =0x0000000000000040, R10=0x01da342b2dc50a7f, R11=0x000000ebf37fef60
R12=0x0000000000000000, R13=0x000002c6009ad090, R14=0x000000ebf37ff0f8, R15=0x000002c662530980
RIP=0x0000000000000000, EFLAGS=0x0000000000010202


Register to memory mapping:

RIP=0x0 is NULL
RAX=0x0 is NULL
RBX=0x000002c6451db180 points into unknown readable memory: 0x0000000000000000 | 00 00 00 00 00 00 00 00
RCX=0x000002c6451db180 points into unknown readable memory: 0x0000000000000000 | 00 00 00 00 00 00 00 00
RDX=0x000000ebf37ff040 is pointing into the stack for thread: 0x000002c662530980
RSP=0x000000ebf37feff8 is pointing into the stack for thread: 0x000002c662530980
RBP=0x000000007f000001 is an unknown value
RSI=0x000000ebf37ff060 is pointing into the stack for thread: 0x000002c662530980
RDI=0x000002c662530c30 points into unknown readable memory: 0x00007fface822670 | 70 26 82 ce fa 7f 00 00
R8 =0x0 is NULL
R9 =0x0000000000000040 is an unknown value
R10=0x01da342b2dc50a7f is an unknown value
R11=0x000000ebf37fef60 is pointing into the stack for thread: 0x000002c662530980
R12=0x0 is NULL
R13=0x000002c6009ad090 is pointing into metadata
R14=0x000000ebf37ff0f8 is pointing into the stack for thread: 0x000002c662530980
R15=0x000002c662530980 is a thread


Top of Stack: (sp=0x000000ebf37feff8)
0x000000ebf37feff8:   00007ffb19536034 000002c6451db180
0x000000ebf37ff008:   000000ebf37ff040 0000000000000000
0x000000ebf37ff018:   0000000000000040 0000000000000001
0x000000ebf37ff028:   00007ffb19534512 000002c662530c30
0x000000ebf37ff038:   000000ebf37ff000 000002c60000001c
0x000000ebf37ff048:   00007fface3a875e 0000000000000110
0x000000ebf37ff058:   000002c67132d621 000002c600338550
0x000000ebf37ff068:   000002c600338550 000000ebf37ff0d8
0x000000ebf37ff078:   0000000000000000 000002c662530980
0x000000ebf37ff088:   000002c67132d2f6 000000ebf37ff090
0x000000ebf37ff098:   000002c6009ad090 000000ebf37ff0f8
0x000000ebf37ff0a8:   000002c600338e28 0000000000000000
0x000000ebf37ff0b8:   0000000089bc8388 000002c600338550
0x000000ebf37ff0c8:   0000000000000000 000000ebf37ff0f8
0x000000ebf37ff0d8:   000000ebf37ff148 000002c671329612
0x000000ebf37ff0e8:   0000000089bc8388 000002c67132af60 

Instructions: (pc=0x00007ffb19536034)
0x00007ffb19535f34:   54 24 48 48 8b cb ff 15 60 93 00 00 48 85 c0 74
0x00007ffb19535f44:   74 41 b8 01 00 00 00 48 8d 54 24 48 48 8b c8 48
0x00007ffb19535f54:   8b d8 ff 15 a4 f1 00 00 85 c0 75 59 33 ed 48 8d
0x00007ffb19535f64:   73 04 39 3b 76 41 41 bf 5c 03 00 00 8b 8e 00 02
0x00007ffb19535f74:   00 00 ff 15 74 f1 00 00 41 3b c6 74 0b 49 03 f7
0x00007ffb19535f84:   ff c5 3b 2b 72 e6 eb 1f 49 8b cf ff 15 23 93 00
0x00007ffb19535f94:   00 48 8b f8 48 85 c0 74 1c 4d 8b c7 48 8b d6 48
0x00007ffb19535fa4:   8b c8 e8 4f 8a 00 00 48 8b cb ff 15 fc 92 00 00
0x00007ffb19535fb4:   48 8b c7 eb 0b 48 8b cb ff 15 ee 92 00 00 33 c0
0x00007ffb19535fc4:   48 8b 5c 24 40 48 8b 6c 24 50 48 8b 74 24 58 48
0x00007ffb19535fd4:   83 c4 20 41 5f 41 5e 5f c3 cc cc cc 48 89 5c 24
0x00007ffb19535fe4:   08 48 89 74 24 10 57 48 83 ec 20 48 8b f9 48 8b
0x00007ffb19535ff4:   f2 b9 1c 00 00 00 89 4c 24 40 ff 15 b4 92 00 00
0x00007ffb19536004:   48 8b d8 48 85 c0 75 17 48 8d 15 ed 9a 00 00 48
0x00007ffb19536014:   8b cf e8 67 7c 00 00 83 c8 ff e9 80 00 00 00 45
0x00007ffb19536024:   33 c0 48 8d 54 24 40 48 8b cb ff 15 c4 f0 00 00
0x00007ffb19536034:   83 f8 7a 74 05 83 f8 6f 75 31 8b 54 24 40 48 8b
0x00007ffb19536044:   cb ff 15 55 92 00 00 48 85 c0 75 0b 48 8b cb ff
0x00007ffb19536054:   15 57 92 00 00 eb b1 45 33 c0 48 8d 54 24 40 48
0x00007ffb19536064:   8b c8 48 8b d8 ff 15 89 f0 00 00 85 c0 74 2b 48
0x00007ffb19536074:   85 db 74 09 48 8b cb ff 15 2f 92 00 00 4c 8d 05
0x00007ffb19536084:   50 9b 00 00 48 8b cf 48 8d 15 be 9a 00 00 e8 f1
0x00007ffb19536094:   7b 00 00 b8 fe ff ff ff eb 05 48 89 1e 33 c0 48
0x00007ffb195360a4:   8b 5c 24 30 48 8b 74 24 38 48 83 c4 20 5f c3 cc
0x00007ffb195360b4:   48 8b c4 48 89 58 08 48 89 68 10 56 57 41 56 48
0x00007ffb195360c4:   83 ec 20 48 8b fa 33 db 48 8d 50 18 48 89 58 18
0x00007ffb195360d4:   48 8b f1 e8 e0 0c 00 00 8b d0 85 c0 79 04 33 c0
0x00007ffb195360e4:   eb 72 48 8b 06 45 33 c9 4c 8b c7 48 8b ce ff 90
0x00007ffb195360f4:   60 05 00 00 48 8b e8 48 85 c0 75 0c 48 8b 4c 24
0x00007ffb19536104:   50 e8 5a fd ff ff eb d6 48 8b 7c 24 50 44 8b f3
0x00007ffb19536114:   eb 2d 48 8b d7 48 8b ce e8 7b 03 00 00 48 85 c0
0x00007ffb19536124:   74 25 4c 8b 16 4c 8b c8 45 8b c6 48 8b d5 48 8b 


Stack slot to memory mapping:
stack at sp + 0 slots: 0x000002c6451db180 points into unknown readable memory: 0x0000000000000000 | 00 00 00 00 00 00 00 00
stack at sp + 1 slots: 0x000000ebf37ff040 is pointing into the stack for thread: 0x000002c662530980
stack at sp + 2 slots: 0x0 is NULL
stack at sp + 3 slots: 0x0000000000000040 is an unknown value
stack at sp + 4 slots: 0x0000000000000001 is an unknown value
stack at sp + 5 slots: 0x00007ffb19534512 net.dll
stack at sp + 6 slots: 0x000002c662530c30 points into unknown readable memory: 0x00007fface822670 | 70 26 82 ce fa 7f 00 00
stack at sp + 7 slots: 0x000000ebf37ff000 is pointing into the stack for thread: 0x000002c662530980


---------------  P R O C E S S  ---------------

Threads class SMR info:
_java_thread_list=0x000002c6450df3d0, length=12, elements={
0x000002c662530980, 0x000002c67fd44490, 0x000002c67fd45cc0, 0x000002c67fd55a00,
0x000002c67fd56a70, 0x000002c67fd57340, 0x000002c67fd5b8b0, 0x000002c67fd5e400,
0x000002c67fd61570, 0x000002c67fd72de0, 0x000002c6450b8250, 0x000002c6450e2bc0
}

Java Threads: ( => current thread )
=>0x000002c662530980 JavaThread "main" [_thread_in_native, id=31228, stack(0x000000ebf3700000,0x000000ebf3800000)]
  0x000002c67fd44490 JavaThread "Reference Handler" daemon [_thread_blocked, id=11956, stack(0x000000ebf3e00000,0x000000ebf3f00000)]
  0x000002c67fd45cc0 JavaThread "Finalizer" daemon [_thread_blocked, id=34016, stack(0x000000ebf3f00000,0x000000ebf4000000)]
  0x000002c67fd55a00 JavaThread "Signal Dispatcher" daemon [_thread_blocked, id=25684, stack(0x000000ebf4000000,0x000000ebf4100000)]
  0x000002c67fd56a70 JavaThread "Attach Listener" daemon [_thread_blocked, id=16420, stack(0x000000ebf4100000,0x000000ebf4200000)]
  0x000002c67fd57340 JavaThread "Service Thread" daemon [_thread_blocked, id=30708, stack(0x000000ebf4200000,0x000000ebf4300000)]
  0x000002c67fd5b8b0 JavaThread "Monitor Deflation Thread" daemon [_thread_blocked, id=25956, stack(0x000000ebf4300000,0x000000ebf4400000)]
  0x000002c67fd5e400 JavaThread "C2 CompilerThread0" daemon [_thread_blocked, id=28048, stack(0x000000ebf4400000,0x000000ebf4500000)]
  0x000002c67fd61570 JavaThread "C1 CompilerThread0" daemon [_thread_blocked, id=25132, stack(0x000000ebf4500000,0x000000ebf4600000)]
  0x000002c67fd72de0 JavaThread "Sweeper thread" daemon [_thread_blocked, id=18628, stack(0x000000ebf4600000,0x000000ebf4700000)]
  0x000002c6450b8250 JavaThread "Notification Thread" daemon [_thread_blocked, id=13276, stack(0x000000ebf4700000,0x000000ebf4800000)]
  0x000002c6450e2bc0 JavaThread "Common-Cleaner" daemon [_thread_blocked, id=33968, stack(0x000000ebf4900000,0x000000ebf4a00000)]

Other Threads:
  0x000002c67fd3e610 VMThread "VM Thread" [stack: 0x000000ebf3d00000,0x000000ebf3e00000] [id=10936]
  0x000002c6450da750 WatcherThread [stack: 0x000000ebf4800000,0x000000ebf4900000] [id=4772]
  0x000002c66258a790 GCTaskThread "GC Thread#0" [stack: 0x000000ebf3800000,0x000000ebf3900000] [id=21284]
  0x000002c66259c9a0 ConcurrentGCThread "G1 Main Marker" [stack: 0x000000ebf3900000,0x000000ebf3a00000] [id=31416]
  0x000002c66259d2c0 ConcurrentGCThread "G1 Conc#0" [stack: 0x000000ebf3a00000,0x000000ebf3b00000] [id=29124]
  0x000002c662604770 ConcurrentGCThread "G1 Refine#0" [stack: 0x000000ebf3b00000,0x000000ebf3c00000] [id=33112]
  0x000002c67fc001f0 ConcurrentGCThread "G1 Service" [stack: 0x000000ebf3c00000,0x000000ebf3d00000] [id=2580]

Threads with active compile tasks:

VM state: not at safepoint (normal execution)

VM Mutex/Monitor currently owned by a thread: None

Heap address: 0x0000000082000000, size: 2016 MB, Compressed Oops mode: 32-bit

CDS archive(s) mapped at: [0x000002c600000000-0x000002c600bd0000-0x000002c600bd0000), size 12386304, SharedBaseAddress: 0x000002c600000000, ArchiveRelocationMode: 1.
Compressed class space mapped at: 0x000002c601000000-0x000002c641000000, reserved size: 1073741824
Narrow klass base: 0x000002c600000000, Narrow klass shift: 0, Narrow klass range: 0x100000000

GC Precious Log:
 CPUs: 4 total, 4 available
 Memory: 8058M
 Large Page Support: Disabled
 NUMA Support: Disabled
 Compressed Oops: Enabled (32-bit)
 Heap Region Size: 1M
 Heap Min Capacity: 8M
 Heap Initial Capacity: 126M
 Heap Max Capacity: 2016M
 Pre-touch: Disabled
 Parallel Workers: 4
 Concurrent Workers: 1
 Concurrent Refinement Workers: 4
 Periodic GC: Disabled

Heap:
 garbage-first heap   total 129024K, used 5120K [0x0000000082000000, 0x0000000100000000)
  region size 1024K, 3 young (3072K), 0 survivors (0K)
 Metaspace       used 961K, committed 1024K, reserved 1114112K
  class space    used 106K, committed 128K, reserved 1048576K

Heap Regions: E=young(eden), S=young(survivor), O=old, HS=humongous(starts), HC=humongous(continues), CS=collection set, F=free, OA=open archive, CA=closed archive, TAMS=top-at-mark-start (previous, next)
|   0|0x0000000082000000, 0x0000000082100000, 0x0000000082100000|100%|HS|  |TAMS 0x0000000082000000, 0x0000000082000000| Complete 
|   1|0x0000000082100000, 0x0000000082200000, 0x0000000082200000|100%|HC|  |TAMS 0x0000000082100000, 0x0000000082100000| Complete 
|   2|0x0000000082200000, 0x0000000082300000, 0x0000000082300000|100%|HC|  |TAMS 0x0000000082200000, 0x0000000082200000| Complete 
|   3|0x0000000082300000, 0x0000000082300000, 0x0000000082400000|  0%| F|  |TAMS 0x0000000082300000, 0x0000000082300000| Untracked 
|   4|0x0000000082400000, 0x0000000082400000, 0x0000000082500000|  0%| F|  |TAMS 0x0000000082400000, 0x0000000082400000| Untracked 
|   5|0x0000000082500000, 0x0000000082500000, 0x0000000082600000|  0%| F|  |TAMS 0x0000000082500000, 0x0000000082500000| Untracked 
|   6|0x0000000082600000, 0x0000000082600000, 0x0000000082700000|  0%| F|  |TAMS 0x0000000082600000, 0x0000000082600000| Untracked 
|   7|0x0000000082700000, 0x0000000082700000, 0x0000000082800000|  0%| F|  |TAMS 0x0000000082700000, 0x0000000082700000| Untracked 
|   8|0x0000000082800000, 0x0000000082800000, 0x0000000082900000|  0%| F|  |TAMS 0x0000000082800000, 0x0000000082800000| Untracked 
|   9|0x0000000082900000, 0x0000000082900000, 0x0000000082a00000|  0%| F|  |TAMS 0x0000000082900000, 0x0000000082900000| Untracked 
|  10|0x0000000082a00000, 0x0000000082a00000, 0x0000000082b00000|  0%| F|  |TAMS 0x0000000082a00000, 0x0000000082a00000| Untracked 
|  11|0x0000000082b00000, 0x0000000082b00000, 0x0000000082c00000|  0%| F|  |TAMS 0x0000000082b00000, 0x0000000082b00000| Untracked 
|  12|0x0000000082c00000, 0x0000000082c00000, 0x0000000082d00000|  0%| F|  |TAMS 0x0000000082c00000, 0x0000000082c00000| Untracked 
|  13|0x0000000082d00000, 0x0000000082d00000, 0x0000000082e00000|  0%| F|  |TAMS 0x0000000082d00000, 0x0000000082d00000| Untracked 
|  14|0x0000000082e00000, 0x0000000082e00000, 0x0000000082f00000|  0%| F|  |TAMS 0x0000000082e00000, 0x0000000082e00000| Untracked 
|  15|0x0000000082f00000, 0x0000000082f00000, 0x0000000083000000|  0%| F|  |TAMS 0x0000000082f00000, 0x0000000082f00000| Untracked 
|  16|0x0000000083000000, 0x0000000083000000, 0x0000000083100000|  0%| F|  |TAMS 0x0000000083000000, 0x0000000083000000| Untracked 
|  17|0x0000000083100000, 0x0000000083100000, 0x0000000083200000|  0%| F|  |TAMS 0x0000000083100000, 0x0000000083100000| Untracked 
|  18|0x0000000083200000, 0x0000000083200000, 0x0000000083300000|  0%| F|  |TAMS 0x0000000083200000, 0x0000000083200000| Untracked 
|  19|0x0000000083300000, 0x0000000083300000, 0x0000000083400000|  0%| F|  |TAMS 0x0000000083300000, 0x0000000083300000| Untracked 
|  20|0x0000000083400000, 0x0000000083400000, 0x0000000083500000|  0%| F|  |TAMS 0x0000000083400000, 0x0000000083400000| Untracked 
|  21|0x0000000083500000, 0x0000000083500000, 0x0000000083600000|  0%| F|  |TAMS 0x0000000083500000, 0x0000000083500000| Untracked 
|  22|0x0000000083600000, 0x0000000083600000, 0x0000000083700000|  0%| F|  |TAMS 0x0000000083600000, 0x0000000083600000| Untracked 
|  23|0x0000000083700000, 0x0000000083700000, 0x0000000083800000|  0%| F|  |TAMS 0x0000000083700000, 0x0000000083700000| Untracked 
|  24|0x0000000083800000, 0x0000000083800000, 0x0000000083900000|  0%| F|  |TAMS 0x0000000083800000, 0x0000000083800000| Untracked 
|  25|0x0000000083900000, 0x0000000083900000, 0x0000000083a00000|  0%| F|  |TAMS 0x0000000083900000, 0x0000000083900000| Untracked 
|  26|0x0000000083a00000, 0x0000000083a00000, 0x0000000083b00000|  0%| F|  |TAMS 0x0000000083a00000, 0x0000000083a00000| Untracked 
|  27|0x0000000083b00000, 0x0000000083b00000, 0x0000000083c00000|  0%| F|  |TAMS 0x0000000083b00000, 0x0000000083b00000| Untracked 
|  28|0x0000000083c00000, 0x0000000083c00000, 0x0000000083d00000|  0%| F|  |TAMS 0x0000000083c00000, 0x0000000083c00000| Untracked 
|  29|0x0000000083d00000, 0x0000000083d00000, 0x0000000083e00000|  0%| F|  |TAMS 0x0000000083d00000, 0x0000000083d00000| Untracked 
|  30|0x0000000083e00000, 0x0000000083e00000, 0x0000000083f00000|  0%| F|  |TAMS 0x0000000083e00000, 0x0000000083e00000| Untracked 
|  31|0x0000000083f00000, 0x0000000083f00000, 0x0000000084000000|  0%| F|  |TAMS 0x0000000083f00000, 0x0000000083f00000| Untracked 
|  32|0x0000000084000000, 0x0000000084000000, 0x0000000084100000|  0%| F|  |TAMS 0x0000000084000000, 0x0000000084000000| Untracked 
|  33|0x0000000084100000, 0x0000000084100000, 0x0000000084200000|  0%| F|  |TAMS 0x0000000084100000, 0x0000000084100000| Untracked 
|  34|0x0000000084200000, 0x0000000084200000, 0x0000000084300000|  0%| F|  |TAMS 0x0000000084200000, 0x0000000084200000| Untracked 
|  35|0x0000000084300000, 0x0000000084300000, 0x0000000084400000|  0%| F|  |TAMS 0x0000000084300000, 0x0000000084300000| Untracked 
|  36|0x0000000084400000, 0x0000000084400000, 0x0000000084500000|  0%| F|  |TAMS 0x0000000084400000, 0x0000000084400000| Untracked 
|  37|0x0000000084500000, 0x0000000084500000, 0x0000000084600000|  0%| F|  |TAMS 0x0000000084500000, 0x0000000084500000| Untracked 
|  38|0x0000000084600000, 0x0000000084600000, 0x0000000084700000|  0%| F|  |TAMS 0x0000000084600000, 0x0000000084600000| Untracked 
|  39|0x0000000084700000, 0x0000000084700000, 0x0000000084800000|  0%| F|  |TAMS 0x0000000084700000, 0x0000000084700000| Untracked 
|  40|0x0000000084800000, 0x0000000084800000, 0x0000000084900000|  0%| F|  |TAMS 0x0000000084800000, 0x0000000084800000| Untracked 
|  41|0x0000000084900000, 0x0000000084900000, 0x0000000084a00000|  0%| F|  |TAMS 0x0000000084900000, 0x0000000084900000| Untracked 
|  42|0x0000000084a00000, 0x0000000084a00000, 0x0000000084b00000|  0%| F|  |TAMS 0x0000000084a00000, 0x0000000084a00000| Untracked 
|  43|0x0000000084b00000, 0x0000000084b00000, 0x0000000084c00000|  0%| F|  |TAMS 0x0000000084b00000, 0x0000000084b00000| Untracked 
|  44|0x0000000084c00000, 0x0000000084c00000, 0x0000000084d00000|  0%| F|  |TAMS 0x0000000084c00000, 0x0000000084c00000| Untracked 
|  45|0x0000000084d00000, 0x0000000084d00000, 0x0000000084e00000|  0%| F|  |TAMS 0x0000000084d00000, 0x0000000084d00000| Untracked 
|  46|0x0000000084e00000, 0x0000000084e00000, 0x0000000084f00000|  0%| F|  |TAMS 0x0000000084e00000, 0x0000000084e00000| Untracked 
|  47|0x0000000084f00000, 0x0000000084f00000, 0x0000000085000000|  0%| F|  |TAMS 0x0000000084f00000, 0x0000000084f00000| Untracked 
|  48|0x0000000085000000, 0x0000000085000000, 0x0000000085100000|  0%| F|  |TAMS 0x0000000085000000, 0x0000000085000000| Untracked 
|  49|0x0000000085100000, 0x0000000085100000, 0x0000000085200000|  0%| F|  |TAMS 0x0000000085100000, 0x0000000085100000| Untracked 
|  50|0x0000000085200000, 0x0000000085200000, 0x0000000085300000|  0%| F|  |TAMS 0x0000000085200000, 0x0000000085200000| Untracked 
|  51|0x0000000085300000, 0x0000000085300000, 0x0000000085400000|  0%| F|  |TAMS 0x0000000085300000, 0x0000000085300000| Untracked 
|  52|0x0000000085400000, 0x0000000085400000, 0x0000000085500000|  0%| F|  |TAMS 0x0000000085400000, 0x0000000085400000| Untracked 
|  53|0x0000000085500000, 0x0000000085500000, 0x0000000085600000|  0%| F|  |TAMS 0x0000000085500000, 0x0000000085500000| Untracked 
|  54|0x0000000085600000, 0x0000000085600000, 0x0000000085700000|  0%| F|  |TAMS 0x0000000085600000, 0x0000000085600000| Untracked 
|  55|0x0000000085700000, 0x0000000085700000, 0x0000000085800000|  0%| F|  |TAMS 0x0000000085700000, 0x0000000085700000| Untracked 
|  56|0x0000000085800000, 0x0000000085800000, 0x0000000085900000|  0%| F|  |TAMS 0x0000000085800000, 0x0000000085800000| Untracked 
|  57|0x0000000085900000, 0x0000000085900000, 0x0000000085a00000|  0%| F|  |TAMS 0x0000000085900000, 0x0000000085900000| Untracked 
|  58|0x0000000085a00000, 0x0000000085a00000, 0x0000000085b00000|  0%| F|  |TAMS 0x0000000085a00000, 0x0000000085a00000| Untracked 
|  59|0x0000000085b00000, 0x0000000085b00000, 0x0000000085c00000|  0%| F|  |TAMS 0x0000000085b00000, 0x0000000085b00000| Untracked 
|  60|0x0000000085c00000, 0x0000000085c00000, 0x0000000085d00000|  0%| F|  |TAMS 0x0000000085c00000, 0x0000000085c00000| Untracked 
|  61|0x0000000085d00000, 0x0000000085d00000, 0x0000000085e00000|  0%| F|  |TAMS 0x0000000085d00000, 0x0000000085d00000| Untracked 
|  62|0x0000000085e00000, 0x0000000085e00000, 0x0000000085f00000|  0%| F|  |TAMS 0x0000000085e00000, 0x0000000085e00000| Untracked 
|  63|0x0000000085f00000, 0x0000000085f00000, 0x0000000086000000|  0%| F|  |TAMS 0x0000000085f00000, 0x0000000085f00000| Untracked 
|  64|0x0000000086000000, 0x0000000086000000, 0x0000000086100000|  0%| F|  |TAMS 0x0000000086000000, 0x0000000086000000| Untracked 
|  65|0x0000000086100000, 0x0000000086100000, 0x0000000086200000|  0%| F|  |TAMS 0x0000000086100000, 0x0000000086100000| Untracked 
|  66|0x0000000086200000, 0x0000000086200000, 0x0000000086300000|  0%| F|  |TAMS 0x0000000086200000, 0x0000000086200000| Untracked 
|  67|0x0000000086300000, 0x0000000086300000, 0x0000000086400000|  0%| F|  |TAMS 0x0000000086300000, 0x0000000086300000| Untracked 
|  68|0x0000000086400000, 0x0000000086400000, 0x0000000086500000|  0%| F|  |TAMS 0x0000000086400000, 0x0000000086400000| Untracked 
|  69|0x0000000086500000, 0x0000000086500000, 0x0000000086600000|  0%| F|  |TAMS 0x0000000086500000, 0x0000000086500000| Untracked 
|  70|0x0000000086600000, 0x0000000086600000, 0x0000000086700000|  0%| F|  |TAMS 0x0000000086600000, 0x0000000086600000| Untracked 
|  71|0x0000000086700000, 0x0000000086700000, 0x0000000086800000|  0%| F|  |TAMS 0x0000000086700000, 0x0000000086700000| Untracked 
|  72|0x0000000086800000, 0x0000000086800000, 0x0000000086900000|  0%| F|  |TAMS 0x0000000086800000, 0x0000000086800000| Untracked 
|  73|0x0000000086900000, 0x0000000086900000, 0x0000000086a00000|  0%| F|  |TAMS 0x0000000086900000, 0x0000000086900000| Untracked 
|  74|0x0000000086a00000, 0x0000000086a00000, 0x0000000086b00000|  0%| F|  |TAMS 0x0000000086a00000, 0x0000000086a00000| Untracked 
|  75|0x0000000086b00000, 0x0000000086b00000, 0x0000000086c00000|  0%| F|  |TAMS 0x0000000086b00000, 0x0000000086b00000| Untracked 
|  76|0x0000000086c00000, 0x0000000086c00000, 0x0000000086d00000|  0%| F|  |TAMS 0x0000000086c00000, 0x0000000086c00000| Untracked 
|  77|0x0000000086d00000, 0x0000000086d00000, 0x0000000086e00000|  0%| F|  |TAMS 0x0000000086d00000, 0x0000000086d00000| Untracked 
|  78|0x0000000086e00000, 0x0000000086e00000, 0x0000000086f00000|  0%| F|  |TAMS 0x0000000086e00000, 0x0000000086e00000| Untracked 
|  79|0x0000000086f00000, 0x0000000086f00000, 0x0000000087000000|  0%| F|  |TAMS 0x0000000086f00000, 0x0000000086f00000| Untracked 
|  80|0x0000000087000000, 0x0000000087000000, 0x0000000087100000|  0%| F|  |TAMS 0x0000000087000000, 0x0000000087000000| Untracked 
|  81|0x0000000087100000, 0x0000000087100000, 0x0000000087200000|  0%| F|  |TAMS 0x0000000087100000, 0x0000000087100000| Untracked 
|  82|0x0000000087200000, 0x0000000087200000, 0x0000000087300000|  0%| F|  |TAMS 0x0000000087200000, 0x0000000087200000| Untracked 
|  83|0x0000000087300000, 0x0000000087300000, 0x0000000087400000|  0%| F|  |TAMS 0x0000000087300000, 0x0000000087300000| Untracked 
|  84|0x0000000087400000, 0x0000000087400000, 0x0000000087500000|  0%| F|  |TAMS 0x0000000087400000, 0x0000000087400000| Untracked 
|  85|0x0000000087500000, 0x0000000087500000, 0x0000000087600000|  0%| F|  |TAMS 0x0000000087500000, 0x0000000087500000| Untracked 
|  86|0x0000000087600000, 0x0000000087600000, 0x0000000087700000|  0%| F|  |TAMS 0x0000000087600000, 0x0000000087600000| Untracked 
|  87|0x0000000087700000, 0x0000000087700000, 0x0000000087800000|  0%| F|  |TAMS 0x0000000087700000, 0x0000000087700000| Untracked 
|  88|0x0000000087800000, 0x0000000087800000, 0x0000000087900000|  0%| F|  |TAMS 0x0000000087800000, 0x0000000087800000| Untracked 
|  89|0x0000000087900000, 0x0000000087900000, 0x0000000087a00000|  0%| F|  |TAMS 0x0000000087900000, 0x0000000087900000| Untracked 
|  90|0x0000000087a00000, 0x0000000087a00000, 0x0000000087b00000|  0%| F|  |TAMS 0x0000000087a00000, 0x0000000087a00000| Untracked 
|  91|0x0000000087b00000, 0x0000000087b00000, 0x0000000087c00000|  0%| F|  |TAMS 0x0000000087b00000, 0x0000000087b00000| Untracked 
|  92|0x0000000087c00000, 0x0000000087c00000, 0x0000000087d00000|  0%| F|  |TAMS 0x0000000087c00000, 0x0000000087c00000| Untracked 
|  93|0x0000000087d00000, 0x0000000087d00000, 0x0000000087e00000|  0%| F|  |TAMS 0x0000000087d00000, 0x0000000087d00000| Untracked 
|  94|0x0000000087e00000, 0x0000000087e00000, 0x0000000087f00000|  0%| F|  |TAMS 0x0000000087e00000, 0x0000000087e00000| Untracked 
|  95|0x0000000087f00000, 0x0000000087f00000, 0x0000000088000000|  0%| F|  |TAMS 0x0000000087f00000, 0x0000000087f00000| Untracked 
|  96|0x0000000088000000, 0x0000000088000000, 0x0000000088100000|  0%| F|  |TAMS 0x0000000088000000, 0x0000000088000000| Untracked 
|  97|0x0000000088100000, 0x0000000088100000, 0x0000000088200000|  0%| F|  |TAMS 0x0000000088100000, 0x0000000088100000| Untracked 
|  98|0x0000000088200000, 0x0000000088200000, 0x0000000088300000|  0%| F|  |TAMS 0x0000000088200000, 0x0000000088200000| Untracked 
|  99|0x0000000088300000, 0x0000000088300000, 0x0000000088400000|  0%| F|  |TAMS 0x0000000088300000, 0x0000000088300000| Untracked 
| 100|0x0000000088400000, 0x0000000088400000, 0x0000000088500000|  0%| F|  |TAMS 0x0000000088400000, 0x0000000088400000| Untracked 
| 101|0x0000000088500000, 0x0000000088500000, 0x0000000088600000|  0%| F|  |TAMS 0x0000000088500000, 0x0000000088500000| Untracked 
| 102|0x0000000088600000, 0x0000000088600000, 0x0000000088700000|  0%| F|  |TAMS 0x0000000088600000, 0x0000000088600000| Untracked 
| 103|0x0000000088700000, 0x0000000088700000, 0x0000000088800000|  0%| F|  |TAMS 0x0000000088700000, 0x0000000088700000| Untracked 
| 104|0x0000000088800000, 0x0000000088800000, 0x0000000088900000|  0%| F|  |TAMS 0x0000000088800000, 0x0000000088800000| Untracked 
| 105|0x0000000088900000, 0x0000000088900000, 0x0000000088a00000|  0%| F|  |TAMS 0x0000000088900000, 0x0000000088900000| Untracked 
| 106|0x0000000088a00000, 0x0000000088a00000, 0x0000000088b00000|  0%| F|  |TAMS 0x0000000088a00000, 0x0000000088a00000| Untracked 
| 107|0x0000000088b00000, 0x0000000088b00000, 0x0000000088c00000|  0%| F|  |TAMS 0x0000000088b00000, 0x0000000088b00000| Untracked 
| 108|0x0000000088c00000, 0x0000000088c00000, 0x0000000088d00000|  0%| F|  |TAMS 0x0000000088c00000, 0x0000000088c00000| Untracked 
| 109|0x0000000088d00000, 0x0000000088d00000, 0x0000000088e00000|  0%| F|  |TAMS 0x0000000088d00000, 0x0000000088d00000| Untracked 
| 110|0x0000000088e00000, 0x0000000088e00000, 0x0000000088f00000|  0%| F|  |TAMS 0x0000000088e00000, 0x0000000088e00000| Untracked 
| 111|0x0000000088f00000, 0x0000000088f00000, 0x0000000089000000|  0%| F|  |TAMS 0x0000000088f00000, 0x0000000088f00000| Untracked 
| 112|0x0000000089000000, 0x0000000089000000, 0x0000000089100000|  0%| F|  |TAMS 0x0000000089000000, 0x0000000089000000| Untracked 
| 113|0x0000000089100000, 0x0000000089100000, 0x0000000089200000|  0%| F|  |TAMS 0x0000000089100000, 0x0000000089100000| Untracked 
| 114|0x0000000089200000, 0x0000000089200000, 0x0000000089300000|  0%| F|  |TAMS 0x0000000089200000, 0x0000000089200000| Untracked 
| 115|0x0000000089300000, 0x0000000089300000, 0x0000000089400000|  0%| F|  |TAMS 0x0000000089300000, 0x0000000089300000| Untracked 
| 116|0x0000000089400000, 0x0000000089400000, 0x0000000089500000|  0%| F|  |TAMS 0x0000000089400000, 0x0000000089400000| Untracked 
| 117|0x0000000089500000, 0x0000000089500000, 0x0000000089600000|  0%| F|  |TAMS 0x0000000089500000, 0x0000000089500000| Untracked 
| 118|0x0000000089600000, 0x0000000089600000, 0x0000000089700000|  0%| F|  |TAMS 0x0000000089600000, 0x0000000089600000| Untracked 
| 119|0x0000000089700000, 0x0000000089700000, 0x0000000089800000|  0%| F|  |TAMS 0x0000000089700000, 0x0000000089700000| Untracked 
| 120|0x0000000089800000, 0x0000000089800000, 0x0000000089900000|  0%| F|  |TAMS 0x0000000089800000, 0x0000000089800000| Untracked 
| 121|0x0000000089900000, 0x0000000089900000, 0x0000000089a00000|  0%| F|  |TAMS 0x0000000089900000, 0x0000000089900000| Untracked 
| 122|0x0000000089a00000, 0x0000000089a00000, 0x0000000089b00000|  0%| F|  |TAMS 0x0000000089a00000, 0x0000000089a00000| Untracked 
| 123|0x0000000089b00000, 0x0000000089c00000, 0x0000000089c00000|100%| E|  |TAMS 0x0000000089b00000, 0x0000000089b00000| Complete 
| 124|0x0000000089c00000, 0x0000000089d00000, 0x0000000089d00000|100%| E|CS|TAMS 0x0000000089c00000, 0x0000000089c00000| Complete 
| 125|0x0000000089d00000, 0x0000000089e00000, 0x0000000089e00000|100%| E|CS|TAMS 0x0000000089d00000, 0x0000000089d00000| Complete 

Card table byte_map: [0x000002c6791e0000,0x000002c6795d0000] _byte_map_base: 0x000002c678dd0000

Marking Bits (Prev, Next): (CMBitMap*) 0x000002c66258bcd0, (CMBitMap*) 0x000002c66258bd10
 Prev Bits: [0x000002c6799c0000, 0x000002c67b940000)
 Next Bits: [0x000002c67b940000, 0x000002c67d8c0000)

Polling page: 0x000002c661d10000

Metaspace:

Usage:
  Non-class:    854.66 KB used.
      Class:    106.34 KB used.
       Both:    961.00 KB used.

Virtual space:
  Non-class space:       64.00 MB reserved,     896.00 KB (  1%) committed,  1 nodes.
      Class space:        1.00 GB reserved,     128.00 KB ( <1%) committed,  1 nodes.
             Both:        1.06 GB reserved,       1.00 MB ( <1%) committed. 

Chunk freelists:
   Non-Class:  11.78 MB
       Class:  15.69 MB
        Both:  27.47 MB

MaxMetaspaceSize: unlimited
CompressedClassSpaceSize: 1.00 GB
Initial GC threshold: 21.00 MB
Current GC threshold: 21.00 MB
CDS: on
MetaspaceReclaimPolicy: balanced
 - commit_granule_bytes: 65536.
 - commit_granule_words: 8192.
 - virtual_space_node_default_size: 8388608.
 - enlarge_chunks_in_place: 1.
 - new_chunks_are_fully_committed: 0.
 - uncommit_free_chunks: 1.
 - use_allocation_guard: 0.
 - handle_deallocations: 1.


Internal statistics:

num_allocs_failed_limit: 0.
num_arena_births: 14.
num_arena_deaths: 0.
num_vsnodes_births: 2.
num_vsnodes_deaths: 0.
num_space_committed: 16.
num_space_uncommitted: 0.
num_chunks_returned_to_freelist: 0.
num_chunks_taken_from_freelist: 31.
num_chunk_merges: 0.
num_chunk_splits: 20.
num_chunks_enlarged: 15.
num_inconsistent_stats: 0.

CodeHeap 'non-profiled nmethods': size=120000Kb used=86Kb max_used=86Kb free=119913Kb
 bounds [0x000002c6718c0000, 0x000002c671b30000, 0x000002c678df0000]
CodeHeap 'profiled nmethods': size=120000Kb used=347Kb max_used=347Kb free=119652Kb
 bounds [0x000002c669df0000, 0x000002c66a060000, 0x000002c671320000]
CodeHeap 'non-nmethods': size=5760Kb used=1123Kb max_used=1123Kb free=4636Kb
 bounds [0x000002c671320000, 0x000002c671590000, 0x000002c6718c0000]
 total_blobs=687 nmethods=282 adapters=318
 compilation: enabled
              stopped_count=0, restarted_count=0
 full_count=0

Compilation events (20 events):
Event: 0.333 Thread 0x000002c67fd61570  271       3       jdk.internal.org.objectweb.asm.ByteVector::putUTF8 (144 bytes)
Event: 0.335 Thread 0x000002c67fd61570 nmethod 271 0x000002c669e3f490 code [0x000002c669e3f700, 0x000002c669e40208]
Event: 0.335 Thread 0x000002c67fd61570  272       3       jdk.internal.org.objectweb.asm.SymbolTable::hash (10 bytes)
Event: 0.335 Thread 0x000002c67fd61570 nmethod 272 0x000002c669e40710 code [0x000002c669e408a0, 0x000002c669e409c8]
Event: 0.335 Thread 0x000002c67fd61570  273       3       jdk.internal.org.objectweb.asm.Symbol::<init> (38 bytes)
Event: 0.335 Thread 0x000002c67fd61570 nmethod 273 0x000002c669e40a90 code [0x000002c669e40c40, 0x000002c669e40ed8]
Event: 0.336 Thread 0x000002c67fd61570  274 %     3       java.util.Properties$LineReader::readLine @ 224 (584 bytes)
Event: 0.340 Thread 0x000002c67fd61570 nmethod 274% 0x000002c669e40f90 code [0x000002c669e41380, 0x000002c669e44358]
Event: 0.344 Thread 0x000002c67fd61570  275       1       java.io.File::getPath (5 bytes)
Event: 0.344 Thread 0x000002c67fd61570 nmethod 275 0x000002c6718d4d10 code [0x000002c6718d4ea0, 0x000002c6718d4f78]
Event: 0.349 Thread 0x000002c67fd61570  276       3       java.lang.Class::getPackageName (81 bytes)
Event: 0.350 Thread 0x000002c67fd61570 nmethod 276 0x000002c669e45190 code [0x000002c669e45420, 0x000002c669e45ec8]
Event: 0.350 Thread 0x000002c67fd61570  278       3       jdk.internal.org.objectweb.asm.ByteVector::putShort (52 bytes)
Event: 0.350 Thread 0x000002c67fd61570 nmethod 278 0x000002c669e46290 code [0x000002c669e46440, 0x000002c669e46648]
Event: 0.350 Thread 0x000002c67fd61570  279       3       jdk.internal.org.objectweb.asm.SymbolTable$Entry::<init> (17 bytes)
Event: 0.350 Thread 0x000002c67fd61570 nmethod 279 0x000002c669e46790 code [0x000002c669e46940, 0x000002c669e46ac8]
Event: 0.350 Thread 0x000002c67fd61570  280       3       java.lang.invoke.MemberName::initResolved (53 bytes)
Event: 0.351 Thread 0x000002c67fd61570 nmethod 280 0x000002c669e46b90 code [0x000002c669e46d20, 0x000002c669e46ed8]
Event: 0.351 Thread 0x000002c67fd61570  281       1       java.lang.invoke.MethodType$ConcurrentWeakInternSet$WeakEntry::hashCode (5 bytes)
Event: 0.351 Thread 0x000002c67fd61570 nmethod 281 0x000002c6718d5610 code [0x000002c6718d57a0, 0x000002c6718d5878]

GC Heap History (0 events):
No events

Deoptimization events (20 events):
Event: 0.158 Thread 0x000002c662530980 DEOPT PACKING pc=0x000002c669e0830c sp=0x000000ebf37fa7d0
Event: 0.158 Thread 0x000002c662530980 DEOPT UNPACKING pc=0x000002c671372b43 sp=0x000000ebf37f9c60 mode 0
Event: 0.158 Thread 0x000002c662530980 DEOPT PACKING pc=0x000002c669e0830c sp=0x000000ebf37fa7d0
Event: 0.158 Thread 0x000002c662530980 DEOPT UNPACKING pc=0x000002c671372b43 sp=0x000000ebf37f9c60 mode 0
Event: 0.158 Thread 0x000002c662530980 DEOPT PACKING pc=0x000002c669e0830c sp=0x000000ebf37fa7d0
Event: 0.158 Thread 0x000002c662530980 DEOPT UNPACKING pc=0x000002c671372b43 sp=0x000000ebf37f9c60 mode 0
Event: 0.159 Thread 0x000002c662530980 DEOPT PACKING pc=0x000002c669e0830c sp=0x000000ebf37fa7d0
Event: 0.159 Thread 0x000002c662530980 DEOPT UNPACKING pc=0x000002c671372b43 sp=0x000000ebf37f9c60 mode 0
Event: 0.159 Thread 0x000002c662530980 DEOPT PACKING pc=0x000002c669e0830c sp=0x000000ebf37fa7d0
Event: 0.159 Thread 0x000002c662530980 DEOPT UNPACKING pc=0x000002c671372b43 sp=0x000000ebf37f9c60 mode 0
Event: 0.159 Thread 0x000002c662530980 DEOPT PACKING pc=0x000002c669e0830c sp=0x000000ebf37fa7d0
Event: 0.159 Thread 0x000002c662530980 DEOPT UNPACKING pc=0x000002c671372b43 sp=0x000000ebf37f9c60 mode 0
Event: 0.159 Thread 0x000002c662530980 DEOPT PACKING pc=0x000002c669e0830c sp=0x000000ebf37fa7d0
Event: 0.159 Thread 0x000002c662530980 DEOPT UNPACKING pc=0x000002c671372b43 sp=0x000000ebf37f9c60 mode 0
Event: 0.159 Thread 0x000002c662530980 DEOPT PACKING pc=0x000002c669e0830c sp=0x000000ebf37fa7d0
Event: 0.159 Thread 0x000002c662530980 DEOPT UNPACKING pc=0x000002c671372b43 sp=0x000000ebf37f9c60 mode 0
Event: 0.159 Thread 0x000002c662530980 DEOPT PACKING pc=0x000002c669e0830c sp=0x000000ebf37fa7d0
Event: 0.159 Thread 0x000002c662530980 DEOPT UNPACKING pc=0x000002c671372b43 sp=0x000000ebf37f9c60 mode 0
Event: 0.159 Thread 0x000002c662530980 DEOPT PACKING pc=0x000002c669e0830c sp=0x000000ebf37fa7d0
Event: 0.159 Thread 0x000002c662530980 DEOPT UNPACKING pc=0x000002c671372b43 sp=0x000000ebf37f9c60 mode 0

Classes unloaded (0 events):
No events

Classes redefined (0 events):
No events

Internal exceptions (4 events):
Event: 0.290 Thread 0x000002c662530980 Exception <a 'java/lang/NoSuchMethodError'{0x0000000089b558d8}: 'int java.lang.invoke.DirectMethodHandle$Holder.invokeStaticInit(java.lang.Object, java.lang.Object)'> (0x0000000089b558d8) 
thrown [s\open\src\hotspot\share\interpreter\linkResolver.cpp, line 759]
Event: 0.333 Thread 0x000002c662530980 Exception <a 'java/lang/NoSuchMethodError'{0x0000000089bb2088}: 'java.lang.Object java.lang.invoke.DirectMethodHandle$Holder.invokeStaticInit(java.lang.Object)'> (0x0000000089bb2088) 
thrown [s\open\src\hotspot\share\interpreter\linkResolver.cpp, line 759]
Event: 0.349 Thread 0x000002c662530980 Exception <a 'java/lang/NoSuchMethodError'{0x0000000089bc1f40}: 'void java.lang.invoke.DirectMethodHandle$Holder.invokeStatic(java.lang.Object, java.lang.Object)'> (0x0000000089bc1f40) 
thrown [s\open\src\hotspot\share\interpreter\linkResolver.cpp, line 759]
Event: 0.353 Thread 0x000002c662530980 Exception <a 'java/net/UnknownHostException'{0x0000000089bc7fe0}> (0x0000000089bc7fe0) 
thrown [s\open\src\hotspot\share\prims\jni.cpp, line 516]

VM Operations (4 events):
Event: 0.176 Executing VM operation: HandshakeAllThreads
Event: 0.176 Executing VM operation: HandshakeAllThreads done
Event: 0.345 Executing VM operation: HandshakeAllThreads
Event: 0.345 Executing VM operation: HandshakeAllThreads done

Events (20 events):
Event: 0.347 loading class jdk/net/ExtendedSocketOptions$PlatformSocketOptions
Event: 0.347 loading class jdk/net/ExtendedSocketOptions$PlatformSocketOptions done
Event: 0.347 loading class jdk/net/ExtendedSocketOptions$PlatformSocketOptions$1
Event: 0.347 loading class jdk/net/ExtendedSocketOptions$PlatformSocketOptions$1 done
Event: 0.347 loading class jdk/net/ExtendedSocketOptions$1
Event: 0.347 loading class jdk/net/ExtendedSocketOptions$1 done
Event: 0.348 loading class java/net/StandardProtocolFamily
Event: 0.348 loading class java/net/StandardProtocolFamily done
Event: 0.351 loading class java/util/concurrent/ConcurrentSkipListMap$KeySet
Event: 0.351 loading class java/util/concurrent/ConcurrentSkipListMap$KeySet done
Event: 0.351 loading class java/util/concurrent/ConcurrentSkipListMap$KeyIterator
Event: 0.351 loading class java/util/concurrent/ConcurrentSkipListMap$Iter
Event: 0.351 loading class java/util/concurrent/ConcurrentSkipListMap$Iter done
Event: 0.351 loading class java/util/concurrent/ConcurrentSkipListMap$KeyIterator done
Event: 0.351 loading class java/net/InetAddress$NameServiceAddresses
Event: 0.351 loading class java/net/InetAddress$Addresses
Event: 0.351 loading class java/net/InetAddress$Addresses done
Event: 0.351 loading class java/net/InetAddress$NameServiceAddresses done
Event: 0.353 loading class java/net/UnknownHostException
Event: 0.353 loading class java/net/UnknownHostException done


Dynamic libraries:
0x00007ff70ee80000 - 0x00007ff70ee90000 	C:\Program Files\Java\jdk-17\bin\javaw.exe
0x00007ffb28290000 - 0x00007ffb28488000 	C:\Windows\SYSTEM32\ntdll.dll
0x00007ffb28190000 - 0x00007ffb2824d000 	C:\Windows\System32\KERNEL32.DLL
0x00007ffb25a10000 - 0x00007ffb25d06000 	C:\Windows\System32\KERNELBASE.dll
0x00007ffb25fd0000 - 0x00007ffb260d0000 	C:\Windows\System32\ucrtbase.dll
0x00007ffb1b4f0000 - 0x00007ffb1b509000 	C:\Program Files\Java\jdk-17\bin\jli.dll
0x00007ffb280d0000 - 0x00007ffb28180000 	C:\Windows\System32\ADVAPI32.dll
0x00007ffb26740000 - 0x00007ffb267de000 	C:\Windows\System32\msvcrt.dll
0x00007ffb27cb0000 - 0x00007ffb27d50000 	C:\Windows\System32\sechost.dll
0x00007ffb26e20000 - 0x00007ffb26f43000 	C:\Windows\System32\RPCRT4.dll
0x00007ffb262a0000 - 0x00007ffb262c7000 	C:\Windows\System32\bcrypt.dll
0x00007ffb26bb0000 - 0x00007ffb26d4f000 	C:\Windows\System32\USER32.dll
0x00007ffb25e40000 - 0x00007ffb25e62000 	C:\Windows\System32\win32u.dll
0x00007ffb267e0000 - 0x00007ffb2680b000 	C:\Windows\System32\GDI32.dll
0x00007ffb26180000 - 0x00007ffb26297000 	C:\Windows\System32\gdi32full.dll
0x00007ffb25d10000 - 0x00007ffb25dad000 	C:\Windows\System32\msvcp_win.dll
0x00007ffb1b310000 - 0x00007ffb1b32b000 	C:\Program Files\Java\jdk-17\bin\VCRUNTIME140.dll
0x00007ffb1b570000 - 0x00007ffb1b80a000 	C:\Windows\WinSxS\amd64_microsoft.windows.common-controls_6595b64144ccf1df_6.0.19041.4355_none_60b8b9eb71f62e16\COMCTL32.dll
0x00007ffb1e650000 - 0x00007ffb1e65a000 	C:\Windows\SYSTEM32\VERSION.dll
0x00007ffb27870000 - 0x00007ffb2789f000 	C:\Windows\System32\IMM32.DLL
0x00007ffb1b480000 - 0x00007ffb1b48c000 	C:\Program Files\Java\jdk-17\bin\vcruntime140_1.dll
0x00007ffb17850000 - 0x00007ffb178de000 	C:\Program Files\Java\jdk-17\bin\msvcp140.dll
0x00007ffacdd80000 - 0x00007fface95f000 	C:\Program Files\Java\jdk-17\bin\server\jvm.dll
0x00007ffb278a0000 - 0x00007ffb278a8000 	C:\Windows\System32\PSAPI.DLL
0x00007ffb19a90000 - 0x00007ffb19a99000 	C:\Windows\SYSTEM32\WSOCK32.dll
0x00007ffb26db0000 - 0x00007ffb26e1b000 	C:\Windows\System32\WS2_32.dll
0x00007ffb0e650000 - 0x00007ffb0e677000 	C:\Windows\SYSTEM32\WINMM.dll
0x00007ffb24580000 - 0x00007ffb24592000 	C:\Windows\SYSTEM32\kernel.appcore.dll
0x00007ffb1b300000 - 0x00007ffb1b30a000 	C:\Program Files\Java\jdk-17\bin\jimage.dll
0x00007ffb23e60000 - 0x00007ffb24044000 	C:\Windows\SYSTEM32\DBGHELP.DLL
0x00007ffb1cb20000 - 0x00007ffb1cb54000 	C:\Windows\SYSTEM32\dbgcore.DLL
0x00007ffb25db0000 - 0x00007ffb25e32000 	C:\Windows\System32\bcryptPrimitives.dll
0x00007ffb19290000 - 0x00007ffb192b5000 	C:\Program Files\Java\jdk-17\bin\java.dll
0x00007ffb05360000 - 0x00007ffb05437000 	C:\Program Files\Java\jdk-17\bin\jsvml.dll
0x00007ffb27100000 - 0x00007ffb2786c000 	C:\Windows\System32\SHELL32.dll
0x00007ffb235c0000 - 0x00007ffb23d5d000 	C:\Windows\SYSTEM32\windows.storage.dll
0x00007ffb27950000 - 0x00007ffb27ca3000 	C:\Windows\System32\combase.dll
0x00007ffb252a0000 - 0x00007ffb252ce000 	C:\Windows\SYSTEM32\Wldp.dll
0x00007ffb28000000 - 0x00007ffb280cd000 	C:\Windows\System32\OLEAUT32.dll
0x00007ffb26810000 - 0x00007ffb268bd000 	C:\Windows\System32\SHCORE.dll
0x00007ffb27d50000 - 0x00007ffb27da5000 	C:\Windows\System32\shlwapi.dll
0x00007ffb25880000 - 0x00007ffb258a4000 	C:\Windows\SYSTEM32\profapi.dll
0x00007ffb19530000 - 0x00007ffb19549000 	C:\Program Files\Java\jdk-17\bin\net.dll
0x00007ffb1c910000 - 0x00007ffb1ca1a000 	C:\Windows\SYSTEM32\WINHTTP.dll
0x00007ffb25000000 - 0x00007ffb2506a000 	C:\Windows\system32\mswsock.dll
0x00007ffb19220000 - 0x00007ffb19236000 	C:\Program Files\Java\jdk-17\bin\nio.dll
0x00007ffb19140000 - 0x00007ffb19158000 	C:\Program Files\Java\jdk-17\bin\zip.dll

dbghelp: loaded successfully - version: 4.0.5 - missing functions: none
symbol engine: initialized successfully - sym options: 0x614 - pdb path: .;C:\Program Files\Java\jdk-17\bin;C:\Windows\SYSTEM32;C:\Windows\WinSxS\amd64_microsoft.windows.common-controls_6595b64144ccf1df_6.0.19041.4355_none_60b8b9eb71f62e16;C:\Program Files\Java\jdk-17\bin\server

VM Arguments:
jvm_args: -Dfile.encoding=UTF-8 -Dstdout.encoding=UTF-8 -Dstderr.encoding=UTF-8 -XX:+ShowCodeDetailsInExceptionMessages 
java_command: nopCom.NopCom
java_class_path (initial): C:\Users\akans\git\AutamationProject\Selenium\bin;C:\Users\akans\git\AutamationProject\Selenium\jars\selenium-server-4.15.0.jar
Launcher Type: SUN_STANDARD

[Global flags]
     intx CICompilerCount                          = 3                                         {product} {ergonomic}
     uint ConcGCThreads                            = 1                                         {product} {ergonomic}
     uint G1ConcRefinementThreads                  = 4                                         {product} {ergonomic}
   size_t G1HeapRegionSize                         = 1048576                                   {product} {ergonomic}
    uintx GCDrainStackTargetSize                   = 64                                        {product} {ergonomic}
   size_t InitialHeapSize                          = 132120576                                 {product} {ergonomic}
   size_t MarkStackSize                            = 4194304                                   {product} {ergonomic}
   size_t MaxHeapSize                              = 2113929216                                {product} {ergonomic}
   size_t MaxNewSize                               = 1267728384                                {product} {ergonomic}
   size_t MinHeapDeltaBytes                        = 1048576                                   {product} {ergonomic}
   size_t MinHeapSize                              = 8388608                                   {product} {ergonomic}
    uintx NonNMethodCodeHeapSize                   = 5832780                                {pd product} {ergonomic}
    uintx NonProfiledCodeHeapSize                  = 122912730                              {pd product} {ergonomic}
    uintx ProfiledCodeHeapSize                     = 122912730                              {pd product} {ergonomic}
    uintx ReservedCodeCacheSize                    = 251658240                              {pd product} {ergonomic}
     bool SegmentedCodeCache                       = true                                      {product} {ergonomic}
     bool ShowCodeDetailsInExceptionMessages       = true                                   {manageable} {command line}
   size_t SoftMaxHeapSize                          = 2113929216                             {manageable} {ergonomic}
     bool UseCompressedClassPointers               = true                           {product lp64_product} {ergonomic}
     bool UseCompressedOops                        = true                           {product lp64_product} {ergonomic}
     bool UseG1GC                                  = true                                      {product} {ergonomic}
     bool UseLargePagesIndividualAllocation        = false                                  {pd product} {ergonomic}

Logging:
Log output configuration:
 #0: stdout all=warning uptime,level,tags
 #1: stderr all=off uptime,level,tags

Environment Variables:
PATH=C:\Program Files\Common Files\Oracle\Java\javapath;D:\oracle\product\10.2.0\db_1\bin;C:\Windows\system32;C:\Windows;C:\Windows\System32\Wbem;C:\Windows\System32\WindowsPowerShell\v1.0\;C:\Windows\System32\OpenSSH\;C:\Program Files\Java\jdk-17\bin;C:\Users\akans\AppData\Local\Microsoft\WindowsApps;C:\Users\akans\AppData\Local\Programs\Microsoft VS Code\bin;C:\Program Files\Java\jdk-17\bin;
USERNAME=akans
OS=Windows_NT
PROCESSOR_IDENTIFIER=Intel64 Family 6 Model 142 Stepping 9, GenuineIntel



---------------  S Y S T E M  ---------------

OS:
 Windows 10 , 64 bit Build 19041 (10.0.19041.3636)
OS uptime: 3 days 18:23 hours

CPU: total 4 (initial active 4) (2 cores per cpu, 2 threads per core) family 6 model 142 stepping 9 microcode 0xb4, cx8, cmov, fxsr, ht, mmx, 3dnowpref, sse, sse2, sse3, ssse3, sse4.1, sse4.2, popcnt, lzcnt, tsc, tscinvbit, avx, avx2, aes, erms, clmul, bmi1, bmi2, adx, fma, vzeroupper, clflush, clflushopt

Memory: 4k page, system-wide physical 8058M (2302M free)
TotalPageFile size 32634M (AvailPageFile size 675M)
current process WorkingSet (physical memory assigned to process): 39M, peak: 39M
current process commit charge ("private bytes"): 200M, peak: 200M

vm_info: Java HotSpot(TM) 64-Bit Server VM (17.0.10+11-LTS-240) for windows-amd64 JRE (17.0.10+11-LTS-240), built on Dec 19 2023 21:47:25 by "mach5one" with MS VC++ 17.1 (VS2022)

END.
