#
# There is insufficient memory for the Java Runtime Environment to continue.
# Native memory allocation (mmap) failed to map 132120576 bytes for G1 virtual space
# Possible reasons:
#   The system is out of physical RAM or swap space
#   The process is running with CompressedOops enabled, and the Java Heap may be blocking the growth of the native heap
# Possible solutions:
#   Reduce memory load on the system
#   Increase physical memory or swap space
#   Check if swap backing store is full
#   Decrease Java heap size (-Xmx/-Xms)
#   Decrease number of Java threads
#   Decrease Java thread stack sizes (-Xss)
#   Set larger code cache with -XX:ReservedCodeCacheSize=
#   JVM is running with Unscaled Compressed Oops mode in which the Java heap is
#     placed in the first 4GB address space. The Java Heap base address is the
#     maximum limit for the native heap growth. Please use -XX:HeapBaseMinAddress
#     to set the Java Heap base and to place the Java Heap above 4GB virtual address.
# This output file may be truncated or incomplete.
#
#  Out of Memory Error (os_windows.cpp:3548), pid=18936, tid=2248
#
# JRE version:  (17.0.10+11) (build )
# Java VM: Java HotSpot(TM) 64-Bit Server VM (17.0.10+11-LTS-240, mixed mode, sharing, tiered, compressed oops, compressed class ptrs, g1 gc, windows-amd64)
# No core dump will be written. Minidumps are not enabled by default on client versions of Windows
#

---------------  S U M M A R Y ------------

Command Line: -Dfile.encoding=UTF-8 -Dstdout.encoding=UTF-8 -Dstderr.encoding=UTF-8 -XX:+ShowCodeDetailsInExceptionMessages spotify.Spotify

Host: Intel(R) Core(TM) i3-7020U CPU @ 2.30GHz, 4 cores, 7G,  Windows 10 , 64 bit Build 19041 (10.0.19041.3636)
Time: Sat Jun  8 12:33:44 2024 India Standard Time elapsed time: 0.020581 seconds (0d 0h 0m 0s)

---------------  T H R E A D  ---------------

Current thread (0x00000241d35a2e10):  JavaThread "Unknown thread" [_thread_in_vm, id=2248, stack(0x0000005d02e00000,0x0000005d02f00000)]

Stack: [0x0000005d02e00000,0x0000005d02f00000]
Native frames: (J=compiled Java code, j=interpreted, Vv=VM code, C=native code)
V  [jvm.dll+0x677a5a]
V  [jvm.dll+0x7d8b2d]
V  [jvm.dll+0x7da48e]
V  [jvm.dll+0x7daaf3]
V  [jvm.dll+0x2455ff]
V  [jvm.dll+0x6749b9]
V  [jvm.dll+0x669382]
V  [jvm.dll+0x302e96]
V  [jvm.dll+0x30a416]
V  [jvm.dll+0x359cbe]
V  [jvm.dll+0x359eef]
V  [jvm.dll+0x2d9e88]
V  [jvm.dll+0x2dadf4]
V  [jvm.dll+0x7aa551]
V  [jvm.dll+0x367911]
V  [jvm.dll+0x789639]
V  [jvm.dll+0x3eb30f]
V  [jvm.dll+0x3ecd91]
C  [jli.dll+0x5297]
C  [ucrtbase.dll+0x21bb2]
C  [KERNEL32.DLL+0x17344]
C  [ntdll.dll+0x526b1]


---------------  P R O C E S S  ---------------

Threads class SMR info:
_java_thread_list=0x00007ffe57ce6a18, length=0, elements={
}

Java Threads: ( => current thread )

Other Threads:
  0x00000241d35fb8e0 GCTaskThread "GC Thread#0" [stack: 0x0000005d02f00000,0x0000005d03000000] [id=12344]
  0x00000241d360daf0 ConcurrentGCThread "G1 Main Marker" [stack: 0x0000005d03000000,0x0000005d03100000] [id=5460]
  0x00000241d360e410 ConcurrentGCThread "G1 Conc#0" [stack: 0x0000005d03100000,0x0000005d03200000] [id=24756]

[error occurred during error reporting (printing all threads), id 0xc0000005, EXCEPTION_ACCESS_VIOLATION (0xc0000005) at pc=0x00007ffe5751aae7]

VM state: not at safepoint (not fully initialized)

VM Mutex/Monitor currently owned by a thread:  ([mutex/lock_event])
[0x00000241d359d990] Heap_lock - owner thread: 0x00000241d35a2e10

Heap address: 0x0000000082000000, size: 2016 MB, Compressed Oops mode: 32-bit

CDS archive(s) mapped at: [0x0000000000000000-0x0000000000000000-0x0000000000000000), size 0, SharedBaseAddress: 0x0000000800000000, ArchiveRelocationMode: 1.
Narrow klass base: 0x0000000000000000, Narrow klass shift: 0, Narrow klass range: 0x0

GC Precious Log:
<Empty>

Heap:
 garbage-first heap   total 0K, used 0K [0x0000000082000000, 0x0000000100000000)
  region size 1024K, 0 young (0K), 0 survivors (0K)

[error occurred during error reporting (printing heap information), id 0xc0000005, EXCEPTION_ACCESS_VIOLATION (0xc0000005) at pc=0x00007ffe57901249]

GC Heap History (0 events):
No events

Deoptimization events (0 events):
No events

Classes unloaded (0 events):
No events

Classes redefined (0 events):
No events

Internal exceptions (0 events):
No events

VM Operations (0 events):
No events

Events (1 events):
Event: 0.014 Loaded shared library C:\Program Files\Java\jdk-17\bin\java.dll


Dynamic libraries:
0x00007ff70b880000 - 0x00007ff70b890000 	C:\Program Files\Java\jdk-17\bin\javaw.exe
0x00007ffe92ad0000 - 0x00007ffe92cc8000 	C:\Windows\SYSTEM32\ntdll.dll
0x00007ffe921b0000 - 0x00007ffe9226d000 	C:\Windows\System32\KERNEL32.DLL
0x00007ffe90770000 - 0x00007ffe90a66000 	C:\Windows\System32\KERNELBASE.dll
0x00007ffe904e0000 - 0x00007ffe905e0000 	C:\Windows\System32\ucrtbase.dll
0x00007ffe7f890000 - 0x00007ffe7f8a9000 	C:\Program Files\Java\jdk-17\bin\jli.dll
0x00007ffe91130000 - 0x00007ffe911e0000 	C:\Windows\System32\ADVAPI32.dll
0x00007ffe90b00000 - 0x00007ffe90b9e000 	C:\Windows\System32\msvcrt.dll
0x00007ffe7faa0000 - 0x00007ffe7fabb000 	C:\Program Files\Java\jdk-17\bin\VCRUNTIME140.dll
0x00007ffe90e90000 - 0x00007ffe90f30000 	C:\Windows\System32\sechost.dll
0x00007ffe91d00000 - 0x00007ffe91e23000 	C:\Windows\System32\RPCRT4.dll
0x00007ffe905e0000 - 0x00007ffe90607000 	C:\Windows\System32\bcrypt.dll
0x00007ffe91fb0000 - 0x00007ffe9214f000 	C:\Windows\System32\USER32.dll
0x00007ffe902e0000 - 0x00007ffe90302000 	C:\Windows\System32\win32u.dll
0x00007ffe91f10000 - 0x00007ffe91f3b000 	C:\Windows\System32\GDI32.dll
0x00007ffe90310000 - 0x00007ffe90427000 	C:\Windows\System32\gdi32full.dll
0x00007ffe90680000 - 0x00007ffe9071d000 	C:\Windows\System32\msvcp_win.dll
0x00007ffe7e050000 - 0x00007ffe7e2ea000 	C:\Windows\WinSxS\amd64_microsoft.windows.common-controls_6595b64144ccf1df_6.0.19041.4355_none_60b8b9eb71f62e16\COMCTL32.dll
0x00007ffe88b80000 - 0x00007ffe88b8a000 	C:\Windows\SYSTEM32\VERSION.dll
0x00007ffe929e0000 - 0x00007ffe92a12000 	C:\Windows\System32\IMM32.DLL
0x00007ffe8c780000 - 0x00007ffe8c78c000 	C:\Program Files\Java\jdk-17\bin\vcruntime140_1.dll
0x00007ffe6e000000 - 0x00007ffe6e08e000 	C:\Program Files\Java\jdk-17\bin\msvcp140.dll
0x00007ffe57230000 - 0x00007ffe57e0f000 	C:\Program Files\Java\jdk-17\bin\server\jvm.dll
0x00007ffe91f40000 - 0x00007ffe91f48000 	C:\Windows\System32\PSAPI.DLL
0x00007ffe79c90000 - 0x00007ffe79c99000 	C:\Windows\SYSTEM32\WSOCK32.dll
0x00007ffe92a20000 - 0x00007ffe92a8b000 	C:\Windows\System32\WS2_32.dll
0x00007ffe86810000 - 0x00007ffe86837000 	C:\Windows\SYSTEM32\WINMM.dll
0x00007ffe8e090000 - 0x00007ffe8e0a2000 	C:\Windows\SYSTEM32\kernel.appcore.dll
0x00007ffe87e20000 - 0x00007ffe87e2a000 	C:\Program Files\Java\jdk-17\bin\jimage.dll
0x00007ffe8dd60000 - 0x00007ffe8df44000 	C:\Windows\SYSTEM32\DBGHELP.DLL
0x00007ffe74f30000 - 0x00007ffe74f64000 	C:\Windows\SYSTEM32\dbgcore.DLL
0x00007ffe90a70000 - 0x00007ffe90af2000 	C:\Windows\System32\bcryptPrimitives.dll
0x00007ffe7f650000 - 0x00007ffe7f675000 	C:\Program Files\Java\jdk-17\bin\java.dll

dbghelp: loaded successfully - version: 4.0.5 - missing functions: none
symbol engine: initialized successfully - sym options: 0x614 - pdb path: .;C:\Program Files\Java\jdk-17\bin;C:\Windows\SYSTEM32;C:\Windows\WinSxS\amd64_microsoft.windows.common-controls_6595b64144ccf1df_6.0.19041.4355_none_60b8b9eb71f62e16;C:\Program Files\Java\jdk-17\bin\server

VM Arguments:
jvm_args: -Dfile.encoding=UTF-8 -Dstdout.encoding=UTF-8 -Dstderr.encoding=UTF-8 -XX:+ShowCodeDetailsInExceptionMessages 
java_command: spotify.Spotify
java_class_path (initial): C:\Users\akans\git\AutamationProject\Selenium\bin;C:\Users\akans\git\AutamationProject\Selenium\jars\selenium-server-4.15.0.jar
Launcher Type: SUN_STANDARD

[Global flags]
     intx CICompilerCount                          = 3                                         {product} {ergonomic}
     uint ConcGCThreads                            = 1                                         {product} {ergonomic}
     uint G1ConcRefinementThreads                  = 4                                         {product} {ergonomic}
   size_t G1HeapRegionSize                         = 1048576                                   {product} {ergonomic}
    uintx GCDrainStackTargetSize                   = 64                                        {product} {ergonomic}
   size_t InitialHeapSize                          = 132120576                                 {product} {ergonomic}
   size_t MarkStackSize                            = 4194304                                   {product} {ergonomic}
   size_t MaxHeapSize                              = 2113929216                                {product} {ergonomic}
   size_t MinHeapDeltaBytes                        = 1048576                                   {product} {ergonomic}
   size_t MinHeapSize                              = 8388608                                   {product} {ergonomic}
    uintx NonNMethodCodeHeapSize                   = 5832780                                {pd product} {ergonomic}
    uintx NonProfiledCodeHeapSize                  = 122912730                              {pd product} {ergonomic}
    uintx ProfiledCodeHeapSize                     = 122912730                              {pd product} {ergonomic}
    uintx ReservedCodeCacheSize                    = 251658240                              {pd product} {ergonomic}
     bool SegmentedCodeCache                       = true                                      {product} {ergonomic}
     bool ShowCodeDetailsInExceptionMessages       = true                                   {manageable} {command line}
   size_t SoftMaxHeapSize                          = 2113929216                             {manageable} {ergonomic}
     bool UseCompressedClassPointers               = true                           {product lp64_product} {ergonomic}
     bool UseCompressedOops                        = true                           {product lp64_product} {ergonomic}
     bool UseG1GC                                  = true                                      {product} {ergonomic}
     bool UseLargePagesIndividualAllocation        = false                                  {pd product} {ergonomic}

Logging:
Log output configuration:
 #0: stdout all=warning uptime,level,tags
 #1: stderr all=off uptime,level,tags

Environment Variables:
PATH=C:\Program Files\Common Files\Oracle\Java\javapath;D:\oracle\product\10.2.0\db_1\bin;C:\Windows\system32;C:\Windows;C:\Windows\System32\Wbem;C:\Windows\System32\WindowsPowerShell\v1.0\;C:\Windows\System32\OpenSSH\;C:\Program Files\Java\jdk-17\bin;C:\Users\akans\AppData\Local\Microsoft\WindowsApps;C:\Users\akans\AppData\Local\Programs\Microsoft VS Code\bin
USERNAME=akans
OS=Windows_NT
PROCESSOR_IDENTIFIER=Intel64 Family 6 Model 142 Stepping 9, GenuineIntel



---------------  S Y S T E M  ---------------

OS:
 Windows 10 , 64 bit Build 19041 (10.0.19041.3636)
OS uptime: 9 days 22:00 hours

CPU: total 4 (initial active 4) (2 cores per cpu, 2 threads per core) family 6 model 142 stepping 9 microcode 0xb4, cx8, cmov, fxsr, ht, mmx, 3dnowpref, sse, sse2, sse3, ssse3, sse4.1, sse4.2, popcnt, lzcnt, tsc, tscinvbit, avx, avx2, aes, erms, clmul, bmi1, bmi2, adx, fma, vzeroupper, clflush, clflushopt

Memory: 4k page, system-wide physical 8058M (1631M free)
TotalPageFile size 32634M (AvailPageFile size 68M)
current process WorkingSet (physical memory assigned to process): 10M, peak: 10M
current process commit charge ("private bytes"): 51M, peak: 177M

vm_info: Java HotSpot(TM) 64-Bit Server VM (17.0.10+11-LTS-240) for windows-amd64 JRE (17.0.10+11-LTS-240), built on Dec 19 2023 21:47:25 by "mach5one" with MS VC++ 17.1 (VS2022)

END.
